c:\users\wooha\onedrive\문서\visual studio 2015\projects\client\client\debug\client.pch
c:\users\wooha\onedrive\문서\visual studio 2015\projects\client\client\debug\vc140.pdb
c:\users\wooha\onedrive\문서\visual studio 2015\projects\client\client\debug\vc140.idb
c:\users\wooha\onedrive\문서\visual studio 2015\projects\client\client\debug\stdafx.obj
c:\users\wooha\onedrive\문서\visual studio 2015\projects\client\client\debug\client.obj
c:\users\wooha\onedrive\문서\visual studio 2015\projects\client\client\debug\clientdoc.obj
c:\users\wooha\onedrive\문서\visual studio 2015\projects\client\client\debug\mainfrm.obj
c:\users\wooha\onedrive\문서\visual studio 2015\projects\client\client\debug\clientview.obj
c:\users\wooha\onedrive\문서\visual studio 2015\projects\client\client\debug\connectdlg.obj
c:\users\wooha\onedrive\문서\visual studio 2015\projects\client\client\debug\settingdlg.obj
c:\users\wooha\onedrive\문서\visual studio 2015\projects\client\debug\client.ilk
c:\users\wooha\onedrive\문서\visual studio 2015\projects\client\debug\client.exe
c:\users\wooha\onedrive\문서\visual studio 2015\projects\client\debug\client.pdb
c:\users\wooha\onedrive\문서\visual studio 2015\projects\client\client\debug\client.res
c:\users\wooha\onedrive\문서\visual studio 2015\projects\client\client\debug\client.tlog\cl.command.1.tlog
c:\users\wooha\onedrive\문서\visual studio 2015\projects\client\client\debug\client.tlog\cl.read.1.tlog
c:\users\wooha\onedrive\문서\visual studio 2015\projects\client\client\debug\client.tlog\cl.write.1.tlog
c:\users\wooha\onedrive\문서\visual studio 2015\projects\client\client\debug\client.tlog\link.command.1.tlog
c:\users\wooha\onedrive\문서\visual studio 2015\projects\client\client\debug\client.tlog\link.read.1.tlog
c:\users\wooha\onedrive\문서\visual studio 2015\projects\client\client\debug\client.tlog\link.write.1.tlog
c:\users\wooha\onedrive\문서\visual studio 2015\projects\client\client\debug\client.tlog\rc.command.1.tlog
c:\users\wooha\onedrive\문서\visual studio 2015\projects\client\client\debug\client.tlog\rc.read.1.tlog
c:\users\wooha\onedrive\문서\visual studio 2015\projects\client\client\debug\client.tlog\rc.write.1.tlog
